Arguments: 
  C:\Program Files\nodejs\node.exe C:\Users\jhu921\AppData\Roaming\npm\node_modules\yarn\bin\yarn.js add node-mon

PATH: 
  C:\Program Files (x86)\PxMEWNET;C:\Program Files (x86)\Siemens\Automation\SCADA-RT_V11\WinCC\Bin;C:\Program Files\Common Files\Siemens\Automation\Simatic OAM\bin;C:\Program Files (x86)\Common Files\Siemens\Bin;C:\Program Files (x86)\Common Files\Siemens\CommonArchiving;C:\Program Files (x86)\Common Files\Siemens\ACE\Bin;C:\SynaptiCAD\bin\win32;C:\Program Files\Microsoft MPI\Bin\;C:\Program Files\Common Files\Oracle\Java\javapath;C:\Windows\system32;C:\Windows;C:\Windows\System32\Wbem;C:\Windows\System32\WindowsPowerShell\v1.0\;C:\Windows\System32\OpenSSH\;E:\xampp\php;C:\composer;C:\Program Files\PuTTY\;C:\Windows\system32\config\systemprofile\.dnx\bin;C:\Program Files\Microsoft DNX\Dnvm\;C:\Program Files\Microsoft SQL Server\130\Tools\Binn\;C:\Program Files (x86)\Windows Kits\10\Windows Performance Toolkit\;C:\Program Files\Microchip\xc8\v2.31\bin;C:\SynaptiCAD\bin;C:\Program Files (x86)\Siemens\Automation\SCADA-RT_V11\WinCC\Interfaces;C:\Program Files (x86)\Common Files\Siemens\;C:\Program Files (x86)\Common Files\Siemens\Interfaces;C:\Program Files (x86)\Common Files\Siemens\ACE\Interfaces;C:\Program Files (x86)\Microsoft SQL Server\150\DTS\Binn\;C:\Program Files\Microsoft SQL Server\120\Tools\Binn\;C:\Program Files (x86)\Microsoft SQL Server\150\Tools\Binn\;C:\Program Files\Microsoft SQL Server\150\Tools\Binn\;C:\Program Files\Microsoft SQL Server\150\DTS\Binn\;C:\Program Files\Microsoft SQL Server\Client SDK\ODBC\170\Tools\Binn\;C:\Users\jhu921\AppData\Roaming\nvm;C:\Program Files\nodejs;C:\Program Files\Git\cmd;C:\Users\jhu921\AppData\Local\Programs\Python\Python39\Scripts\;C:\Users\jhu921\AppData\Local\Programs\Python\Python39\;C:\Users\jhu921\AppData\Local\Microsoft\WindowsApps;C:\Users\jhu921\AppData\Roaming\npm;C:\Users\jhu921\AppData\Local\Programs\Microsoft VS Code\bin;C:\Users\jhu921\AppData\Roaming\Composer\vendor\bin;C:\Program Files\Bandizip\;C:\MinGW\bin;C:\MinGW\msys\1.0\bin;F:\tools\editor\notepad++;C:\Program Files\Azure Data Studio\bin;C:\Users\jhu921\AppData\Local\Programs\Fiddler;C:\Users\jhu921\AppData\Roaming\nvm;C:\Program Files\nodejs;C:\Program Files\JetBrains\PyCharm 2021.2.1\bin;

Yarn version: 
  1.22.10

Node version: 
  12.19.0

Platform: 
  win32 x64

Trace: 
  Error: https://registry.yarnpkg.com/node-mon: Not found
      at Request.params.callback [as _callback] (C:\Users\jhu921\AppData\Roaming\npm\node_modules\yarn\lib\cli.js:66988:18)
      at Request.self.callback (C:\Users\jhu921\AppData\Roaming\npm\node_modules\yarn\lib\cli.js:140662:22)
      at Request.emit (events.js:314:20)
      at Request.<anonymous> (C:\Users\jhu921\AppData\Roaming\npm\node_modules\yarn\lib\cli.js:141634:10)
      at Request.emit (events.js:314:20)
      at IncomingMessage.<anonymous> (C:\Users\jhu921\AppData\Roaming\npm\node_modules\yarn\lib\cli.js:141556:12)
      at Object.onceWrapper (events.js:420:28)
      at IncomingMessage.emit (events.js:326:22)
      at endReadableNT (_stream_readable.js:1223:12)
      at processTicksAndRejections (internal/process/task_queues.js:84:21)

npm manifest: 
  {
      "name": "node-binance-sdk",
      "version": "1.0.5",
      "description": "Centerprime Node Binance Smart Chain SDK",
      "type": "module",
      "main": "src/centerprime.js",
      "keywords": [
          "ethereum",
          "blockchain",
          "sdk",
          "web3",
          "binance"
      ],
      "author": "Centerprime",
      "license": "UNLICENSED",
      "spm": {
          "main": "src/centerprime.js"
      },
      "devDependencies": {},
      "dependencies": {
          "axios": "^0.21.1",
          "express": "^4.17.1",
          "mysql": "^2.18.1",
          "web3": "^1.3.1"
      }
  }

yarn manifest: 
  No manifest

Lockfile: 
  No lockfile
